Using reader: Feitian R502 Contactless Reader
primary case2 Le=0   CLA=90 INS=32 -> SW=9000 len=95 data=02010000880007D08009130005949874F3C1B8000D0012E021D11E5E000121FF750003E828A321AF1E20C3551E00A0FFFF922C9581635449543237383420020080502C000001010000000000000000000000000000000000000000FFFFFF00
Read Purse succeeded with CLA=90 SFI=0 P1=0x03

Decoded purse info (CEPAS 2.0, unauthenticated):
  Version:            2
  Purse status byte:  01 (bit0 purse enable, bit1 autoload enable)
  Balance:            000088 (136 dec)
  Autoload amount:    0007D0 (2000 dec)
  CAN:                8009130005949874
  CSN:                F3C1B8000D0012E0
  Expiry (Julian):    21D1
  Creation (Julian):  1E5E
  Last credit TRP:    000121FF
  Last credit header: 750003E828A321AF
  Log records:        30
  Issuer data length: 32
  Last txn TRP:       C3551E00
  Last txn record:    A0FFFF922C9581635449543237383420
  Issuer data:        020080502C000001010000000000000000000000000000000000000000FFFFFF

Reading 30 transaction log record(s)...
Read log offset=0 P1=0x03 LeMode=none CLA=90 INS=32 -> SW=6700 len=0 data=
Read log offset=0 P1=0x03 LeMode=zero CLA=90 INS=32 -> SW=9000 len=256 data=A0FFFF922C9581635449543237383420A0FFFF922C9463CF5449543237333520A0FFFF922C9432E55449543237383420A0FFFF922C933A285449543237383420A0FFFF922C9200615449543237383420A0FFFF922C8C92335449543234313720A0FFFF922C8B21F6544954323431372030FFFFF628A592BB54414D2D505352207600003D28A59018535643202020340031FFFF7528A58E0553564320202034007600005028A568EE535643202031380031FFFFB028A56744535643202031380030FFFFB228A5665353494D2D54414D207600000228A563B9535643202020350031FFFFE228A55946535643202020350030FFFFDA28A556C54B41502D4E544420
  #00: type=A0 amount=FFFF92 datetime=2C958163 userData=5449543237383420
Read log offset=1 P1=0x03 LeMode=none CLA=90 INS=32 -> SW=6700 len=0 data=
Read log offset=1 P1=0x03 LeMode=zero CLA=90 INS=32 -> SW=9000 len=256 data=A0FFFF922C9463CF5449543237333520A0FFFF922C9432E55449543237383420A0FFFF922C933A285449543237383420A0FFFF922C9200615449543237383420A0FFFF922C8C92335449543234313720A0FFFF922C8B21F6544954323431372030FFFFF628A592BB54414D2D505352207600003D28A59018535643202020340031FFFF7528A58E0553564320202034007600005028A568EE535643202031380031FFFFB028A56744535643202031380030FFFFB228A5665353494D2D54414D207600000228A563B9535643202020350031FFFFE228A55946535643202020350030FFFFDA28A556C54B41502D4E5444207600002928A553555356432039363100
  #01: type=A0 amount=FFFF92 datetime=2C9463CF userData=5449543237333520
Read log offset=2 P1=0x03 LeMode=none CLA=90 INS=32 -> SW=6700 len=0 data=
Read log offset=2 P1=0x03 LeMode=zero CLA=90 INS=32 -> SW=9000 len=256 data=A0FFFF922C9432E55449543237383420A0FFFF922C933A285449543237383420A0FFFF922C9200615449543237383420A0FFFF922C8C92335449543234313720A0FFFF922C8B21F6544954323431372030FFFFF628A592BB54414D2D505352207600003D28A59018535643202020340031FFFF7528A58E0553564320202034007600005028A568EE535643202031380031FFFFB028A56744535643202031380030FFFFB228A5665353494D2D54414D207600000228A563B9535643202020350031FFFFE228A55946535643202020350030FFFFDA28A556C54B41502D4E5444207600002928A55355535643203936310031FFFFA428A54E615356432039363100
  #02: type=A0 amount=FFFF92 datetime=2C9432E5 userData=5449543237383420
Read log offset=3 P1=0x03 LeMode=none CLA=90 INS=32 -> SW=6700 len=0 data=
Read log offset=3 P1=0x03 LeMode=zero CLA=90 INS=32 -> SW=9000 len=256 data=A0FFFF922C933A285449543237383420A0FFFF922C9200615449543237383420A0FFFF922C8C92335449543234313720A0FFFF922C8B21F6544954323431372030FFFFF628A592BB54414D2D505352207600003D28A59018535643202020340031FFFF7528A58E0553564320202034007600005028A568EE535643202031380031FFFFB028A56744535643202031380030FFFFB228A5665353494D2D54414D207600000228A563B9535643202020350031FFFFE228A55946535643202020350030FFFFDA28A556C54B41502D4E5444207600002928A55355535643203936310031FFFFA428A54E6153564320393631007600005528A548385356432031393800
  #03: type=A0 amount=FFFF92 datetime=2C933A28 userData=5449543237383420
Read log offset=4 P1=0x03 LeMode=none CLA=90 INS=32 -> SW=6700 len=0 data=
Read log offset=4 P1=0x03 LeMode=zero CLA=90 INS=32 -> SW=9000 len=256 data=A0FFFF922C9200615449543237383420A0FFFF922C8C92335449543234313720A0FFFF922C8B21F6544954323431372030FFFFF628A592BB54414D2D505352207600003D28A59018535643202020340031FFFF7528A58E0553564320202034007600005028A568EE535643202031380031FFFFB028A56744535643202031380030FFFFB228A5665353494D2D54414D207600000228A563B9535643202020350031FFFFE228A55946535643202020350030FFFFDA28A556C54B41502D4E5444207600002928A55355535643203936310031FFFFA428A54E6153564320393631007600005528A54838535643203139380031FFFFA028A5477E5356432031393800
  #04: type=A0 amount=FFFF92 datetime=2C920061 userData=5449543237383420
Read log offset=5 P1=0x03 LeMode=none CLA=90 INS=32 -> SW=6700 len=0 data=
Read log offset=5 P1=0x03 LeMode=zero CLA=90 INS=32 -> SW=9000 len=256 data=A0FFFF922C8C92335449543234313720A0FFFF922C8B21F6544954323431372030FFFFF628A592BB54414D2D505352207600003D28A59018535643202020340031FFFF7528A58E0553564320202034007600005028A568EE535643202031380031FFFFB028A56744535643202031380030FFFFB228A5665353494D2D54414D207600000228A563B9535643202020350031FFFFE228A55946535643202020350030FFFFDA28A556C54B41502D4E5444207600002928A55355535643203936310031FFFFA428A54E6153564320393631007600005528A54838535643203139380031FFFFA028A5477E535643203139380031FFFFF628A546795356432032373300
  #05: type=A0 amount=FFFF92 datetime=2C8C9233 userData=5449543234313720
Read log offset=6 P1=0x03 LeMode=none CLA=90 INS=32 -> SW=6700 len=0 data=
Read log offset=6 P1=0x03 LeMode=zero CLA=90 INS=32 -> SW=9000 len=256 data=A0FFFF922C8B21F6544954323431372030FFFFF628A592BB54414D2D505352207600003D28A59018535643202020340031FFFF7528A58E0553564320202034007600005028A568EE535643202031380031FFFFB028A56744535643202031380030FFFFB228A5665353494D2D54414D207600000228A563B9535643202020350031FFFFE228A55946535643202020350030FFFFDA28A556C54B41502D4E5444207600002928A55355535643203936310031FFFFA428A54E6153564320393631007600005528A54838535643203139380031FFFFA028A5477E535643203139380031FFFFF628A5467953564320323733007600003428A53F0B5356432031343500
  #06: type=A0 amount=FFFF92 datetime=2C8B21F6 userData=5449543234313720
Read log offset=7 P1=0x03 LeMode=none CLA=90 INS=32 -> SW=6700 len=0 data=
Read log offset=7 P1=0x03 LeMode=zero CLA=90 INS=32 -> SW=9000 len=256 data=30FFFFF628A592BB54414D2D505352207600003D28A59018535643202020340031FFFF7528A58E0553564320202034007600005028A568EE535643202031380031FFFFB028A56744535643202031380030FFFFB228A5665353494D2D54414D207600000228A563B9535643202020350031FFFFE228A55946535643202020350030FFFFDA28A556C54B41502D4E5444207600002928A55355535643203936310031FFFFA428A54E6153564320393631007600005528A54838535643203139380031FFFFA028A5477E535643203139380031FFFFF628A5467953564320323733007600003428A53F0B535643203134350031FFFF7E28A53CF15356432031343500
  #07: type=30 amount=FFFFF6 datetime=28A592BB userData=54414D2D50535220
Read log offset=8 P1=0x03 LeMode=none CLA=90 INS=32 -> SW=6700 len=0 data=
Read log offset=8 P1=0x03 LeMode=zero CLA=90 INS=32 -> SW=9000 len=256 data=7600003D28A59018535643202020340031FFFF7528A58E0553564320202034007600005028A568EE535643202031380031FFFFB028A56744535643202031380030FFFFB228A5665353494D2D54414D207600000228A563B9535643202020350031FFFFE228A55946535643202020350030FFFFDA28A556C54B41502D4E5444207600002928A55355535643203936310031FFFFA428A54E6153564320393631007600005528A54838535643203139380031FFFFA028A5477E535643203139380031FFFFF628A5467953564320323733007600003428A53F0B535643203134350031FFFF7E28A53CF153564320313435007600000B28A53C705356432031343300
  #08: type=76 amount=00003D datetime=28A59018 userData=5356432020203400
Read log offset=9 P1=0x03 LeMode=none CLA=90 INS=32 -> SW=6700 len=0 data=
Read log offset=9 P1=0x03 LeMode=zero CLA=90 INS=32 -> SW=9000 len=256 data=31FFFF7528A58E0553564320202034007600005028A568EE535643202031380031FFFFB028A56744535643202031380030FFFFB228A5665353494D2D54414D207600000228A563B9535643202020350031FFFFE228A55946535643202020350030FFFFDA28A556C54B41502D4E5444207600002928A55355535643203936310031FFFFA428A54E6153564320393631007600005528A54838535643203139380031FFFFA028A5477E535643203139380031FFFFF628A5467953564320323733007600003428A53F0B535643203134350031FFFF7E28A53CF153564320313435007600000B28A53C70535643203134330031FFFFD728A530E05356432031343300
  #09: type=31 amount=FFFF75 datetime=28A58E05 userData=5356432020203400
Read log offset=10 P1=0x03 LeMode=none CLA=90 INS=32 -> SW=6700 len=0 data=
Read log offset=10 P1=0x03 LeMode=zero CLA=90 INS=32 -> SW=9000 len=256 data=7600005028A568EE535643202031380031FFFFB028A56744535643202031380030FFFFB228A5665353494D2D54414D207600000228A563B9535643202020350031FFFFE228A55946535643202020350030FFFFDA28A556C54B41502D4E5444207600002928A55355535643203936310031FFFFA428A54E6153564320393631007600005528A54838535643203139380031FFFFA028A5477E535643203139380031FFFFF628A5467953564320323733007600003428A53F0B535643203134350031FFFF7E28A53CF153564320313435007600000B28A53C70535643203134330031FFFFD728A530E0535643203134330031FFFF5E28A51EBB5356432020203800
  #10: type=76 amount=000050 datetime=28A568EE userData=5356432020313800
Read log offset=11 P1=0x03 LeMode=none CLA=90 INS=32 -> SW=6700 len=0 data=
Read log offset=11 P1=0x03 LeMode=zero CLA=90 INS=32 -> SW=9000 len=256 data=31FFFFB028A56744535643202031380030FFFFB228A5665353494D2D54414D207600000228A563B9535643202020350031FFFFE228A55946535643202020350030FFFFDA28A556C54B41502D4E5444207600002928A55355535643203936310031FFFFA428A54E6153564320393631007600005528A54838535643203139380031FFFFA028A5477E535643203139380031FFFFF628A5467953564320323733007600003428A53F0B535643203134350031FFFF7E28A53CF153564320313435007600000B28A53C70535643203134330031FFFFD728A530E0535643203134330031FFFF5E28A51EBB53564320202038007600000E28A44B495356432020313800
  #11: type=31 amount=FFFFB0 datetime=28A56744 userData=5356432020313800
Read log offset=12 P1=0x03 LeMode=none CLA=90 INS=32 -> SW=6700 len=0 data=
Read log offset=12 P1=0x03 LeMode=zero CLA=90 INS=32 -> SW=9000 len=256 data=30FFFFB228A5665353494D2D54414D207600000228A563B9535643202020350031FFFFE228A55946535643202020350030FFFFDA28A556C54B41502D4E5444207600002928A55355535643203936310031FFFFA428A54E6153564320393631007600005528A54838535643203139380031FFFFA028A5477E535643203139380031FFFFF628A5467953564320323733007600003428A53F0B535643203134350031FFFF7E28A53CF153564320313435007600000B28A53C70535643203134330031FFFFD728A530E0535643203134330031FFFF5E28A51EBB53564320202038007600000E28A44B49535643202031380031FFFFEE28A449C65356432020313800
  #12: type=30 amount=FFFFB2 datetime=28A56653 userData=53494D2D54414D20
Read log offset=13 P1=0x03 LeMode=none CLA=90 INS=32 -> SW=6700 len=0 data=
Read log offset=13 P1=0x03 LeMode=zero CLA=90 INS=32 -> SW=9000 len=256 data=7600000228A563B9535643202020350031FFFFE228A55946535643202020350030FFFFDA28A556C54B41502D4E5444207600002928A55355535643203936310031FFFFA428A54E6153564320393631007600005528A54838535643203139380031FFFFA028A5477E535643203139380031FFFFF628A5467953564320323733007600003428A53F0B535643203134350031FFFF7E28A53CF153564320313435007600000B28A53C70535643203134330031FFFFD728A530E0535643203134330031FFFF5E28A51EBB53564320202038007600000E28A44B49535643202031380031FFFFEE28A449C6535643202031380031FFFFFD28A446505356432020363500
  #13: type=76 amount=000002 datetime=28A563B9 userData=5356432020203500
Read log offset=14 P1=0x03 LeMode=none CLA=90 INS=32 -> SW=6700 len=0 data=
Read log offset=14 P1=0x03 LeMode=zero CLA=90 INS=32 -> SW=9000 len=256 data=31FFFFE228A55946535643202020350030FFFFDA28A556C54B41502D4E5444207600002928A55355535643203936310031FFFFA428A54E6153564320393631007600005528A54838535643203139380031FFFFA028A5477E535643203139380031FFFFF628A5467953564320323733007600003428A53F0B535643203134350031FFFF7E28A53CF153564320313435007600000B28A53C70535643203134330031FFFFD728A530E0535643203134330031FFFF5E28A51EBB53564320202038007600000E28A44B49535643202031380031FFFFEE28A449C6535643202031380031FFFFFD28A4465053564320203635007600000F28A445D35356432035313800
  #14: type=31 amount=FFFFE2 datetime=28A55946 userData=5356432020203500
Read log offset=15 P1=0x03 LeMode=none CLA=90 INS=32 -> SW=6700 len=0 data=
Read log offset=15 P1=0x03 LeMode=zero CLA=90 INS=32 -> SW=9000 len=240 data=30FFFFDA28A556C54B41502D4E5444207600002928A55355535643203936310031FFFFA428A54E6153564320393631007600005528A54838535643203139380031FFFFA028A5477E535643203139380031FFFFF628A5467953564320323733007600003428A53F0B535643203134350031FFFF7E28A53CF153564320313435007600000B28A53C70535643203134330031FFFFD728A530E0535643203134330031FFFF5E28A51EBB53564320202038007600000E28A44B49535643202031380031FFFFEE28A449C6535643202031380031FFFFFD28A4465053564320203635007600000F28A445D35356432035313800
  #15: type=30 amount=FFFFDA datetime=28A556C5 userData=4B41502D4E544420
Read log offset=16 P1=0x03 LeMode=none CLA=90 INS=32 -> SW=6700 len=0 data=
Read log offset=16 P1=0x03 LeMode=zero CLA=90 INS=32 -> SW=9000 len=224 data=7600002928A55355535643203936310031FFFFA428A54E6153564320393631007600005528A54838535643203139380031FFFFA028A5477E535643203139380031FFFFF628A5467953564320323733007600003428A53F0B535643203134350031FFFF7E28A53CF153564320313435007600000B28A53C70535643203134330031FFFFD728A530E0535643203134330031FFFF5E28A51EBB53564320202038007600000E28A44B49535643202031380031FFFFEE28A449C6535643202031380031FFFFFD28A4465053564320203635007600000F28A445D35356432035313800
  #16: type=76 amount=000029 datetime=28A55355 userData=5356432039363100
Read log offset=17 P1=0x03 LeMode=none CLA=90 INS=32 -> SW=6700 len=0 data=
Read log offset=17 P1=0x03 LeMode=zero CLA=90 INS=32 -> SW=9000 len=208 data=31FFFFA428A54E6153564320393631007600005528A54838535643203139380031FFFFA028A5477E535643203139380031FFFFF628A5467953564320323733007600003428A53F0B535643203134350031FFFF7E28A53CF153564320313435007600000B28A53C70535643203134330031FFFFD728A530E0535643203134330031FFFF5E28A51EBB53564320202038007600000E28A44B49535643202031380031FFFFEE28A449C6535643202031380031FFFFFD28A4465053564320203635007600000F28A445D35356432035313800
  #17: type=31 amount=FFFFA4 datetime=28A54E61 userData=5356432039363100
Read log offset=18 P1=0x03 LeMode=none CLA=90 INS=32 -> SW=6700 len=0 data=
Read log offset=18 P1=0x03 LeMode=zero CLA=90 INS=32 -> SW=9000 len=192 data=7600005528A54838535643203139380031FFFFA028A5477E535643203139380031FFFFF628A5467953564320323733007600003428A53F0B535643203134350031FFFF7E28A53CF153564320313435007600000B28A53C70535643203134330031FFFFD728A530E0535643203134330031FFFF5E28A51EBB53564320202038007600000E28A44B49535643202031380031FFFFEE28A449C6535643202031380031FFFFFD28A4465053564320203635007600000F28A445D35356432035313800
  #18: type=76 amount=000055 datetime=28A54838 userData=5356432031393800
Read log offset=19 P1=0x03 LeMode=none CLA=90 INS=32 -> SW=6700 len=0 data=
Read log offset=19 P1=0x03 LeMode=zero CLA=90 INS=32 -> SW=9000 len=176 data=31FFFFA028A5477E535643203139380031FFFFF628A5467953564320323733007600003428A53F0B535643203134350031FFFF7E28A53CF153564320313435007600000B28A53C70535643203134330031FFFFD728A530E0535643203134330031FFFF5E28A51EBB53564320202038007600000E28A44B49535643202031380031FFFFEE28A449C6535643202031380031FFFFFD28A4465053564320203635007600000F28A445D35356432035313800
  #19: type=31 amount=FFFFA0 datetime=28A5477E userData=5356432031393800
Read log offset=20 P1=0x03 LeMode=none CLA=90 INS=32 -> SW=6700 len=0 data=
Read log offset=20 P1=0x03 LeMode=zero CLA=90 INS=32 -> SW=9000 len=160 data=31FFFFF628A5467953564320323733007600003428A53F0B535643203134350031FFFF7E28A53CF153564320313435007600000B28A53C70535643203134330031FFFFD728A530E0535643203134330031FFFF5E28A51EBB53564320202038007600000E28A44B49535643202031380031FFFFEE28A449C6535643202031380031FFFFFD28A4465053564320203635007600000F28A445D35356432035313800
  #20: type=31 amount=FFFFF6 datetime=28A54679 userData=5356432032373300
Read log offset=21 P1=0x03 LeMode=none CLA=90 INS=32 -> SW=6700 len=0 data=
Read log offset=21 P1=0x03 LeMode=zero CLA=90 INS=32 -> SW=9000 len=144 data=7600003428A53F0B535643203134350031FFFF7E28A53CF153564320313435007600000B28A53C70535643203134330031FFFFD728A530E0535643203134330031FFFF5E28A51EBB53564320202038007600000E28A44B49535643202031380031FFFFEE28A449C6535643202031380031FFFFFD28A4465053564320203635007600000F28A445D35356432035313800
  #21: type=76 amount=000034 datetime=28A53F0B userData=5356432031343500
Read log offset=22 P1=0x03 LeMode=none CLA=90 INS=32 -> SW=6700 len=0 data=
Read log offset=22 P1=0x03 LeMode=zero CLA=90 INS=32 -> SW=9000 len=128 data=31FFFF7E28A53CF153564320313435007600000B28A53C70535643203134330031FFFFD728A530E0535643203134330031FFFF5E28A51EBB53564320202038007600000E28A44B49535643202031380031FFFFEE28A449C6535643202031380031FFFFFD28A4465053564320203635007600000F28A445D35356432035313800
  #22: type=31 amount=FFFF7E datetime=28A53CF1 userData=5356432031343500
Read log offset=23 P1=0x03 LeMode=none CLA=90 INS=32 -> SW=6700 len=0 data=
Read log offset=23 P1=0x03 LeMode=zero CLA=90 INS=32 -> SW=9000 len=112 data=7600000B28A53C70535643203134330031FFFFD728A530E0535643203134330031FFFF5E28A51EBB53564320202038007600000E28A44B49535643202031380031FFFFEE28A449C6535643202031380031FFFFFD28A4465053564320203635007600000F28A445D35356432035313800
  #23: type=76 amount=00000B datetime=28A53C70 userData=5356432031343300
Read log offset=24 P1=0x03 LeMode=none CLA=90 INS=32 -> SW=6700 len=0 data=
Read log offset=24 P1=0x03 LeMode=zero CLA=90 INS=32 -> SW=9000 len=96 data=31FFFFD728A530E0535643203134330031FFFF5E28A51EBB53564320202038007600000E28A44B49535643202031380031FFFFEE28A449C6535643202031380031FFFFFD28A4465053564320203635007600000F28A445D35356432035313800
  #24: type=31 amount=FFFFD7 datetime=28A530E0 userData=5356432031343300
Read log offset=25 P1=0x03 LeMode=none CLA=90 INS=32 -> SW=6700 len=0 data=
Read log offset=25 P1=0x03 LeMode=zero CLA=90 INS=32 -> SW=9000 len=80 data=31FFFF5E28A51EBB53564320202038007600000E28A44B49535643202031380031FFFFEE28A449C6535643202031380031FFFFFD28A4465053564320203635007600000F28A445D35356432035313800
  #25: type=31 amount=FFFF5E datetime=28A51EBB userData=5356432020203800
Read log offset=26 P1=0x03 LeMode=none CLA=90 INS=32 -> SW=6700 len=0 data=
Read log offset=26 P1=0x03 LeMode=zero CLA=90 INS=32 -> SW=9000 len=64 data=7600000E28A44B49535643202031380031FFFFEE28A449C6535643202031380031FFFFFD28A4465053564320203635007600000F28A445D35356432035313800
  #26: type=76 amount=00000E datetime=28A44B49 userData=5356432020313800
Read log offset=27 P1=0x03 LeMode=none CLA=90 INS=32 -> SW=6700 len=0 data=
Read log offset=27 P1=0x03 LeMode=zero CLA=90 INS=32 -> SW=9000 len=48 data=31FFFFEE28A449C6535643202031380031FFFFFD28A4465053564320203635007600000F28A445D35356432035313800
  #27: type=31 amount=FFFFEE datetime=28A449C6 userData=5356432020313800
Read log offset=28 P1=0x03 LeMode=none CLA=90 INS=32 -> SW=6700 len=0 data=
Read log offset=28 P1=0x03 LeMode=zero CLA=90 INS=32 -> SW=9000 len=32 data=31FFFFFD28A4465053564320203635007600000F28A445D35356432035313800
  #28: type=31 amount=FFFFFD datetime=28A44650 userData=5356432020363500
Read log offset=29 P1=0x03 LeMode=none CLA=90 INS=32 -> SW=6700 len=0 data=
Read log offset=29 P1=0x03 LeMode=zero CLA=90 INS=32 -> SW=9000 len=16 data=7600000F28A445D35356432035313800
  #29: type=76 amount=00000F datetime=28A445D3 userData=5356432035313800

Reading short EF files by SFI: [1, 2, 3, 4, 5, 6, 7, 8, 9, 10, 11, 12, 13, 14, 15, 16, 17, 18, 19, 20, 21, 22, 23, 24, 25, 26, 27, 28, 29, 30]
READ BINARY SFI=01   CLA=00 INS=B0 -> SW=6A82 len=0 data=
  SFI 01: SW=6A82 len=0 data[0:16]=
READ BINARY SFI=02   CLA=00 INS=B0 -> SW=6A82 len=0 data=
  SFI 02: SW=6A82 len=0 data[0:16]=
READ BINARY SFI=03   CLA=00 INS=B0 -> SW=6982 len=0 data=
  SFI 03: SW=6982 len=0 data[0:16]=
READ BINARY SFI=04   CLA=00 INS=B0 -> SW=6A82 len=0 data=
  SFI 04: SW=6A82 len=0 data[0:16]=
READ BINARY SFI=05   CLA=00 INS=B0 -> SW=6982 len=0 data=
  SFI 05: SW=6982 len=0 data[0:16]=
READ BINARY SFI=06   CLA=00 INS=B0 -> SW=6A82 len=0 data=
  SFI 06: SW=6A82 len=0 data[0:16]=
READ BINARY SFI=07   CLA=00 INS=B0 -> SW=6A82 len=0 data=
  SFI 07: SW=6A82 len=0 data[0:16]=
READ BINARY SFI=08   CLA=00 INS=B0 -> SW=6A82 len=0 data=
  SFI 08: SW=6A82 len=0 data[0:16]=
READ BINARY SFI=09   CLA=00 INS=B0 -> SW=6A82 len=0 data=
  SFI 09: SW=6A82 len=0 data[0:16]=
READ BINARY SFI=10   CLA=00 INS=B0 -> SW=6A82 len=0 data=
  SFI 10: SW=6A82 len=0 data[0:16]=
READ BINARY SFI=11   CLA=00 INS=B0 -> SW=6A82 len=0 data=
  SFI 11: SW=6A82 len=0 data[0:16]=
READ BINARY SFI=12   CLA=00 INS=B0 -> SW=6A82 len=0 data=
  SFI 12: SW=6A82 len=0 data[0:16]=
READ BINARY SFI=13   CLA=00 INS=B0 -> SW=6A82 len=0 data=
  SFI 13: SW=6A82 len=0 data[0:16]=
READ BINARY SFI=14   CLA=00 INS=B0 -> SW=6A82 len=0 data=
  SFI 14: SW=6A82 len=0 data[0:16]=
READ BINARY SFI=15   CLA=00 INS=B0 -> SW=6A82 len=0 data=
  SFI 15: SW=6A82 len=0 data[0:16]=
READ BINARY SFI=16   CLA=00 INS=B0 -> SW=9000 len=192 data=E9C82A890829C928A98408690829C4094928A40988A4040404040404040404041E40953393633353836344420202020202020202020200138829991BA11010101010000000000500AF80000000000000F600016D4479100000000002DA000000E148024000040A611F00E601054C6500E0000000000000000000000000000000E020C611F02BB0081058000241000000EB609700000040000000000000007FFF000112680C804E06400500000000006100000000000000000000239200000013
  SFI 16: SW=9000 len=192 data[0:16]=E9C82A890829C928A98408690829C4094928A40988A404040404040404040404
READ BINARY SFI=17   CLA=00 INS=B0 -> SW=6A82 len=0 data=
  SFI 17: SW=6A82 len=0 data[0:16]=
READ BINARY SFI=18   CLA=00 INS=B0 -> SW=6A82 len=0 data=
  SFI 18: SW=6A82 len=0 data[0:16]=
READ BINARY SFI=19   CLA=00 INS=B0 -> SW=6A82 len=0 data=
  SFI 19: SW=6A82 len=0 data[0:16]=
READ BINARY SFI=20   CLA=00 INS=B0 -> SW=6A82 len=0 data=
  SFI 20: SW=6A82 len=0 data[0:16]=
READ BINARY SFI=21   CLA=00 INS=B0 -> SW=6A82 len=0 data=
  SFI 21: SW=6A82 len=0 data[0:16]=
READ BINARY SFI=22   CLA=00 INS=B0 -> SW=9000 len=240 data=020423DA772B80008050E9C0E0000000024423DAA5AA4000028021CB80000000024423DACA6B7FEC8290118000001400020423DAE88AFFEC012439810C942780020423DB1DCB80140120118000000000020423DFC0AAFFDD4044499000000000020423E0030B800F4040140270000000024423E01CCA40000291224CC0A009C0024423E0576B7FFD82A01E0000001480020423B5A58AFFC0A06408E800000000020423B6BA6B8003E0610A4778000000020423B6CA0AFFFF441408F911F83C80020423B708CB80000410154018000000020423B738CAFFFB812409021D744100020423B7692B80038120118020000000
  SFI 22: SW=9000 len=240 data[0:16]=020423DA772B80008050E9C0E0000000024423DAA5AA4000028021CB80000000
READ BINARY SFI=23   CLA=00 INS=B0 -> SW=9000 len=240 data=020423D1D76AFFD78084191000000000020423D385EB80000080D20510000000034423D41C0AFFF5C8F4191923F032C0034423D58E0B8002C8F09EC0F0000000020423D59E2AFFDF8914292800000000020423D5E16B800D091021C270000000020423D6CF2AFFFD9114293902941600020423D6EAAB80001110078050000000020423D6EFCAFFE80C64294212D42E00020423D7070B80154C600DC058000000022423D7CC2AFFE93C14295316582FC0022423D86AAB800A7C10708198000000030423D87A2A40001364214AC53C12C0030423D8D8AB7FF693B053C000009B00020423D928CAFFF88054296D24E03680
  SFI 23: SW=9000 len=240 data[0:16]=020423D1D76AFFD78084191000000000020423D385EB80000080D20510000000
READ BINARY SFI=24   CLA=00 INS=B0 -> SW=6A82 len=0 data=
  SFI 24: SW=6A82 len=0 data[0:16]=
READ BINARY SFI=25   CLA=00 INS=B0 -> SW=6A82 len=0 data=
  SFI 25: SW=6A82 len=0 data[0:16]=
READ BINARY SFI=26   CLA=00 INS=B0 -> SW=6A82 len=0 data=
  SFI 26: SW=6A82 len=0 data[0:16]=
READ BINARY SFI=27   CLA=00 INS=B0 -> SW=6A82 len=0 data=
  SFI 27: SW=6A82 len=0 data[0:16]=
READ BINARY SFI=28   CLA=00 INS=B0 -> SW=6A82 len=0 data=
  SFI 28: SW=6A82 len=0 data[0:16]=
READ BINARY SFI=29   CLA=00 INS=B0 -> SW=6A82 len=0 data=
  SFI 29: SW=6A82 len=0 data[0:16]=
READ BINARY SFI=30   CLA=00 INS=B0 -> SW=6A82 len=0 data=
  SFI 30: SW=6A82 len=0 data[0:16]=

Reading EF files under DF 4000 by FID: ['0x0003', '0x0010', '0x0012', '0x0013', '0x0014', '0x0016', '0x0017', '0x0018', '0x0090']
SELECT DF 4000       CLA=00 INS=A4 -> SW=6B00 len=0 data=
  DF 4000 not present or not accessible; skipping FID reads.
